<?xml version="1.0" encoding="UTF-8"?>
<!-- Generated by org.testng.reporters.JUnitReportReporter -->
<testsuite skipped="0" hostname="Yongs-MBP.hsd1.ca.comcast.net" name="org.apple.iphone.support.tests.AppleSupportTests" tests="2" failures="0" timestamp="16 Jun 2018 22:59:35 GMT" time="3.041" errors="0">
  <testcase name="feedBackFlowTest" time="1.795" classname="org.apple.iphone.support.tests.AppleSupportTests"/>
  <testcase name="feedBackFlowTest" time="1.246" classname="org.apple.iphone.support.tests.AppleSupportTests"/>
</testsuite> <!-- org.apple.iphone.support.tests.AppleSupportTests -->
