<?xml version="1.0" encoding="UTF-8"?>
<!-- Generated by org.testng.reporters.JUnitReportReporter -->
<testsuite hostname="Yongs-MBP.hsd1.ca.comcast.net" name="org.apple.iphone.support.tests.AppleSupportTests" tests="1" failures="0" timestamp="16 Jun 2018 22:49:54 GMT" time="2.495" errors="0">
  <testcase name="feedBackFlowTest" time="2.495" classname="org.apple.iphone.support.tests.AppleSupportTests"/>
</testsuite> <!-- org.apple.iphone.support.tests.AppleSupportTests -->
