<?xml version="1.0" encoding="UTF-8"?>
<!-- Generated by org.testng.reporters.JUnitReportReporter -->
<testsuite hostname="Yongs-MBP.hsd1.ca.comcast.net" name="org.apple.iphone.support.tests.AppleSupportTests" tests="2" failures="0" timestamp="16 Jun 2018 23:37:47 GMT" time="4.156" errors="0">
  <testcase name="feedBackFlowTest" time="2.384" classname="org.apple.iphone.support.tests.AppleSupportTests"/>
  <testcase name="feedBackFlowTest" time="1.772" classname="org.apple.iphone.support.tests.AppleSupportTests"/>
</testsuite> <!-- org.apple.iphone.support.tests.AppleSupportTests -->
